[debug] > Exec(;set _root_.scala.collection.Seq(historyPath := None,shellPrompt := { _ => "" },SettingKey[_root_.scala.Option[_root_.sbt.File]]("sbtStructureOutputFile") in _root_.sbt.Global := _root_.scala.Some(_root_.sbt.file("/tmp/sbt-structure.xml")),SettingKey[_root_.java.lang.String]("sbtStructureOptions") in _root_.sbt.Global := "download, resolveSourceClassifiers, resolveSbtClassifiers, insertProjectTransitiveDependencies");apply -cp "/home/mhossein/.local/share/JetBrains/IdeaIC2024.1/Scala/repo/org/jetbrains/scala/sbt-structure-extractor_2.12_1.3/2024.1.2/sbt-structure-extractor-2024.1.2.jar" "org.jetbrains.sbt.CreateTasks" "sbt.jetbrains.LogDownloadArtifacts";preferScala2;*/*:dumpStructure, Some(fc79c165-1f61-4c45-8c76-29d8701ce52a), Some(CommandSource(console0)))
[debug] > Exec(set _root_.scala.collection.Seq(historyPath := None,shellPrompt := { _ => "" },SettingKey[_root_.scala.Option[_root_.sbt.File]]("sbtStructureOutputFile") in _root_.sbt.Global := _root_.scala.Some(_root_.sbt.file("/tmp/sbt-structure.xml")),SettingKey[_root_.java.lang.String]("sbtStructureOptions") in _root_.sbt.Global := "download, resolveSourceClassifiers, resolveSbtClassifiers, insertProjectTransitiveDependencies"), None, Some(CommandSource(console0)))
[info] Defining Global / sbtStructureOptions, Global / sbtStructureOutputFile and 1 others.
[info] The new values will be used by cleanKeepGlobs
[info] 	Run `last` for details.
[debug] Defining 
[debug] 	Global / sbtStructureOptions
[debug] 	Global / sbtStructureOutputFile
[debug] 	history
[debug] 	shellPrompt
[debug] 
[debug] The new values will be used by 
[debug] 	cleanKeepGlobs
[info] Reapplying settings...
[info] set current project to Online Shop (in build file:/home/mhossein/IdeaProjects/Online%20Shop/)
[debug] > Exec(apply -cp "/home/mhossein/.local/share/JetBrains/IdeaIC2024.1/Scala/repo/org/jetbrains/scala/sbt-structure-extractor_2.12_1.3/2024.1.2/sbt-structure-extractor-2024.1.2.jar" "org.jetbrains.sbt.CreateTasks" "sbt.jetbrains.LogDownloadArtifacts", None, Some(CommandSource(console0)))
[info] Applying State transformations org.jetbrains.sbt.CreateTasks, sbt.jetbrains.LogDownloadArtifacts from /home/mhossein/.local/share/JetBrains/IdeaIC2024.1/Scala/repo/org/jetbrains/scala/sbt-structure-extractor_2.12_1.3/2024.1.2/sbt-structure-extractor-2024.1.2.jar
[info] Reapplying settings...
[info] set current project to Online Shop (in build file:/home/mhossein/IdeaProjects/Online%20Shop/)
[info] Reapplying settings...
[info] set current project to Online Shop (in build file:/home/mhossein/IdeaProjects/Online%20Shop/)
[debug] > Exec(preferScala2, None, Some(CommandSource(console0)))
[debug] > Exec(*/*:dumpStructure, None, Some(CommandSource(console0)))
[debug] Evaluating tasks: Global / dumpStructure
[warn] sbt 0.13 shell syntax is deprecated; use slash syntax instead: Global / dumpStructure
[debug] Running task... Cancel: Signal, check cycles: false, forcegc: true
[info] downloading https://repo1.maven.org/maven2/org/scalikejdbc/scalikejdbc_2.13/4.3.0/scalikejdbc_2.13-4.3.0.pom
[info] downloaded https://repo1.maven.org/maven2/org/scalikejdbc/scalikejdbc_2.13/4.3.0/scalikejdbc_2.13-4.3.0.pom
[info] downloading https://repo1.maven.org/maven2/org/scala-lang/scala-library/2.13.14/scala-library-2.13.14.pom
[info] downloading https://repo1.maven.org/maven2/org/scalikejdbc/scalikejdbc-interpolation_2.13/4.3.0/scalikejdbc-interpolation_2.13-4.3.0.pom
[info] downloading https://repo1.maven.org/maven2/org/scalikejdbc/scalikejdbc-core_2.13/4.3.0/scalikejdbc-core_2.13-4.3.0.pom
[info] downloaded https://repo1.maven.org/maven2/org/scala-lang/scala-library/2.13.14/scala-library-2.13.14.pom
[info] downloaded https://repo1.maven.org/maven2/org/scalikejdbc/scalikejdbc-core_2.13/4.3.0/scalikejdbc-core_2.13-4.3.0.pom
[info] downloaded https://repo1.maven.org/maven2/org/scalikejdbc/scalikejdbc-interpolation_2.13/4.3.0/scalikejdbc-interpolation_2.13-4.3.0.pom
[info] downloading https://repo1.maven.org/maven2/org/apache/commons/commons-dbcp2/2.11.0/commons-dbcp2-2.11.0.pom
[info] downloading https://repo1.maven.org/maven2/org/scalikejdbc/scalikejdbc-interpolation-macro_2.13/4.3.0/scalikejdbc-interpolation-macro_2.13-4.3.0.pom
[info] downloading https://repo1.maven.org/maven2/org/slf4j/slf4j-api/2.0.13/slf4j-api-2.0.13.pom
[info] downloading https://repo1.maven.org/maven2/org/scala-lang/modules/scala-parser-combinators_2.13/2.4.0/scala-parser-combinators_2.13-2.4.0.pom
[info] downloading https://repo1.maven.org/maven2/org/scala-lang/modules/scala-collection-compat_2.13/2.12.0/scala-collection-compat_2.13-2.12.0.pom
[info] downloaded https://repo1.maven.org/maven2/org/slf4j/slf4j-api/2.0.13/slf4j-api-2.0.13.pom
[info] downloaded https://repo1.maven.org/maven2/org/scalikejdbc/scalikejdbc-interpolation-macro_2.13/4.3.0/scalikejdbc-interpolation-macro_2.13-4.3.0.pom
[info] downloaded https://repo1.maven.org/maven2/org/scala-lang/modules/scala-collection-compat_2.13/2.12.0/scala-collection-compat_2.13-2.12.0.pom
[info] downloaded https://repo1.maven.org/maven2/org/scala-lang/modules/scala-parser-combinators_2.13/2.4.0/scala-parser-combinators_2.13-2.4.0.pom
[info] downloaded https://repo1.maven.org/maven2/org/apache/commons/commons-dbcp2/2.11.0/commons-dbcp2-2.11.0.pom
[info] downloading https://repo1.maven.org/maven2/org/apache/commons/commons-parent/64/commons-parent-64.pom
[info] downloading https://repo1.maven.org/maven2/org/slf4j/slf4j-parent/2.0.13/slf4j-parent-2.0.13.pom
[info] downloaded https://repo1.maven.org/maven2/org/slf4j/slf4j-parent/2.0.13/slf4j-parent-2.0.13.pom
[info] downloaded https://repo1.maven.org/maven2/org/apache/commons/commons-parent/64/commons-parent-64.pom
[info] downloading https://repo1.maven.org/maven2/org/slf4j/slf4j-bom/2.0.13/slf4j-bom-2.0.13.pom
[info] downloading https://repo1.maven.org/maven2/org/apache/apache/30/apache-30.pom
[info] downloaded https://repo1.maven.org/maven2/org/slf4j/slf4j-bom/2.0.13/slf4j-bom-2.0.13.pom
[info] downloaded https://repo1.maven.org/maven2/org/apache/apache/30/apache-30.pom
[info] downloading https://repo1.maven.org/maven2/org/junit/junit-bom/5.10.0/junit-bom-5.10.0.pom
[info] downloaded https://repo1.maven.org/maven2/org/junit/junit-bom/5.10.0/junit-bom-5.10.0.pom
[info] downloading https://repo1.maven.org/maven2/org/apache/commons/commons-pool2/2.12.0/commons-pool2-2.12.0.pom
[info] downloading https://repo1.maven.org/maven2/org/scala-lang/scala-reflect/2.13.14/scala-reflect-2.13.14.pom
[info] downloading https://repo1.maven.org/maven2/jakarta/transaction/jakarta.transaction-api/1.3.3/jakarta.transaction-api-1.3.3.pom
[info] downloaded https://repo1.maven.org/maven2/org/scala-lang/scala-reflect/2.13.14/scala-reflect-2.13.14.pom
[info] downloaded https://repo1.maven.org/maven2/jakarta/transaction/jakarta.transaction-api/1.3.3/jakarta.transaction-api-1.3.3.pom
[info] downloaded https://repo1.maven.org/maven2/org/apache/commons/commons-pool2/2.12.0/commons-pool2-2.12.0.pom
[info] downloading https://repo1.maven.org/maven2/org/apache/commons/commons-parent/62/commons-parent-62.pom
[info] downloaded https://repo1.maven.org/maven2/org/apache/commons/commons-parent/62/commons-parent-62.pom
[info] downloading https://repo1.maven.org/maven2/org/eclipse/ee4j/project/1.0.5/project-1.0.5.pom
[info] downloaded https://repo1.maven.org/maven2/org/eclipse/ee4j/project/1.0.5/project-1.0.5.pom
[info] downloading https://repo1.maven.org/maven2/org/scala-lang/scalap/2.13.14/scalap-2.13.14.pom
[info] downloaded https://repo1.maven.org/maven2/org/scala-lang/scalap/2.13.14/scalap-2.13.14.pom
[info] downloading https://repo1.maven.org/maven2/org/scala-lang/scala-compiler/2.13.14/scala-compiler-2.13.14.pom
[info] downloaded https://repo1.maven.org/maven2/org/scala-lang/scala-compiler/2.13.14/scala-compiler-2.13.14.pom
[info] downloading https://repo1.maven.org/maven2/net/java/dev/jna/jna/5.14.0/jna-5.14.0.pom
[info] downloading https://repo1.maven.org/maven2/org/jline/jline/3.25.1/jline-3.25.1.pom
[info] downloaded https://repo1.maven.org/maven2/net/java/dev/jna/jna/5.14.0/jna-5.14.0.pom
[info] downloaded https://repo1.maven.org/maven2/org/jline/jline/3.25.1/jline-3.25.1.pom
[info] downloading https://repo1.maven.org/maven2/org/jline/jline-parent/3.25.1/jline-parent-3.25.1.pom
[info] downloaded https://repo1.maven.org/maven2/org/jline/jline-parent/3.25.1/jline-parent-3.25.1.pom
[info] downloading https://repo1.maven.org/maven2/org/apache/commons/commons-dbcp2/2.11.0/commons-dbcp2-2.11.0.jar
[info] downloading https://repo1.maven.org/maven2/org/scalikejdbc/scalikejdbc_2.13/4.3.0/scalikejdbc_2.13-4.3.0.jar
[info] downloading https://repo1.maven.org/maven2/org/scalikejdbc/scalikejdbc-core_2.13/4.3.0/scalikejdbc-core_2.13-4.3.0.jar
[info] downloading https://repo1.maven.org/maven2/org/slf4j/slf4j-api/2.0.13/slf4j-api-2.0.13.jar
[info] downloading https://repo1.maven.org/maven2/org/scala-lang/scala-library/2.13.14/scala-library-2.13.14.jar
[info] downloading https://repo1.maven.org/maven2/net/java/dev/jna/jna/5.14.0/jna-5.14.0.jar
[info] downloaded https://repo1.maven.org/maven2/org/apache/commons/commons-dbcp2/2.11.0/commons-dbcp2-2.11.0.jar
[info] downloading https://repo1.maven.org/maven2/org/apache/commons/commons-pool2/2.12.0/commons-pool2-2.12.0.jar
[info] downloaded https://repo1.maven.org/maven2/org/scalikejdbc/scalikejdbc_2.13/4.3.0/scalikejdbc_2.13-4.3.0.jar
[info] downloading https://repo1.maven.org/maven2/org/scala-lang/modules/scala-parser-combinators_2.13/2.4.0/scala-parser-combinators_2.13-2.4.0.jar
[info] downloaded https://repo1.maven.org/maven2/org/slf4j/slf4j-api/2.0.13/slf4j-api-2.0.13.jar
[info] downloading https://repo1.maven.org/maven2/org/scalikejdbc/scalikejdbc-interpolation_2.13/4.3.0/scalikejdbc-interpolation_2.13-4.3.0.jar
[info] downloaded https://repo1.maven.org/maven2/org/scala-lang/modules/scala-parser-combinators_2.13/2.4.0/scala-parser-combinators_2.13-2.4.0.jar
[info] downloading https://repo1.maven.org/maven2/org/jline/jline/3.25.1/jline-3.25.1.jar
[info] downloaded https://repo1.maven.org/maven2/org/apache/commons/commons-pool2/2.12.0/commons-pool2-2.12.0.jar
[info] downloading https://repo1.maven.org/maven2/org/scala-lang/scala-compiler/2.13.14/scala-compiler-2.13.14.jar
[info] downloaded https://repo1.maven.org/maven2/org/scalikejdbc/scalikejdbc-interpolation_2.13/4.3.0/scalikejdbc-interpolation_2.13-4.3.0.jar
[info] downloading https://repo1.maven.org/maven2/jakarta/transaction/jakarta.transaction-api/1.3.3/jakarta.transaction-api-1.3.3.jar
[info] downloaded https://repo1.maven.org/maven2/jakarta/transaction/jakarta.transaction-api/1.3.3/jakarta.transaction-api-1.3.3.jar
[info] downloading https://repo1.maven.org/maven2/org/scalikejdbc/scalikejdbc-interpolation-macro_2.13/4.3.0/scalikejdbc-interpolation-macro_2.13-4.3.0.jar
[info] downloaded https://repo1.maven.org/maven2/org/scalikejdbc/scalikejdbc-interpolation-macro_2.13/4.3.0/scalikejdbc-interpolation-macro_2.13-4.3.0.jar
[info] downloading https://repo1.maven.org/maven2/org/scala-lang/modules/scala-collection-compat_2.13/2.12.0/scala-collection-compat_2.13-2.12.0.jar
[info] downloaded https://repo1.maven.org/maven2/org/scala-lang/modules/scala-collection-compat_2.13/2.12.0/scala-collection-compat_2.13-2.12.0.jar
[info] downloading https://repo1.maven.org/maven2/org/scala-lang/scala-reflect/2.13.14/scala-reflect-2.13.14.jar
[info] downloaded https://repo1.maven.org/maven2/org/scalikejdbc/scalikejdbc-core_2.13/4.3.0/scalikejdbc-core_2.13-4.3.0.jar
[info] downloading https://repo1.maven.org/maven2/org/scala-lang/scalap/2.13.14/scalap-2.13.14.jar
[info] downloaded https://repo1.maven.org/maven2/org/jline/jline/3.25.1/jline-3.25.1.jar
[info] downloaded https://repo1.maven.org/maven2/org/scala-lang/scalap/2.13.14/scalap-2.13.14.jar
[info] shutting down sbt server
